<?xml version="1.0" encoding="UTF-8"?>
<!-- Generated by org.testng.reporters.JUnitXMLReporter -->
<testsuite ignored="0" hostname="JohnWilliamPC" failures="0" tests="6" name="Test" time="72.729" errors="0" timestamp="2020-05-30T16:32:32 PDT">
  <testcase classname="com.testautomation.TestRunner.TestRunner" name="feature" time="13.264"/>
  <testcase classname="com.testautomation.TestRunner.TestRunner" name="feature" time="11.57"/>
  <testcase classname="com.testautomation.TestRunner.TestRunner" name="feature" time="10.824"/>
  <testcase classname="com.testautomation.TestRunner.TestRunner" name="feature" time="13.41"/>
  <testcase classname="com.testautomation.TestRunner.TestRunner" name="feature" time="11.817"/>
  <testcase classname="com.testautomation.TestRunner.TestRunner" name="feature" time="11.64"/>
</testsuite> <!-- Test -->
